<?xml version="1.0" encoding="UTF-8"?>
<testng-results ignored="0" total="1" passed="1" failed="0" skipped="0">
  <reporter-output>
  </reporter-output>
  <suite started-at="2023-04-21T14:38:57 IST" name="Default suite" finished-at="2023-04-21T14:40:31 IST" duration-ms="94636">
    <groups>
      <group name="cucumber">
        <method signature="AbstractTestNGCucumberTests.runScenario(io.cucumber.testng.PickleWrapper,io.cucumber.testng.FeatureWrapper)[pri:0, instance:myTestRunner.TestRunner@34f22f9d]" name="runScenario" class="io.cucumber.testng.AbstractTestNGCucumberTests"/>
      </group> <!-- cucumber -->
    </groups>
    <test started-at="2023-04-21T14:38:57 IST" name="Default test" finished-at="2023-04-21T14:40:31 IST" duration-ms="94636">
      <class name="myTestRunner.TestRunner">
        <test-method is-config="true" signature="setUpClass(org.testng.ITestContext)[pri:0, instance:myTestRunner.TestRunner@34f22f9d]" started-at="2023-04-21T14:38:57 IST" name="setUpClass" finished-at="2023-04-21T14:38:58 IST" duration-ms="943" status="PASS">
          <params>
            <param index="0">
              <value>
                <![CDATA[org.testng.TestRunner@21688427]]>
              </value>
            </param>
          </params>
          <reporter-output>
          </reporter-output>
        </test-method> <!-- setUpClass -->
        <test-method signature="runScenario(io.cucumber.testng.PickleWrapper,io.cucumber.testng.FeatureWrapper)[pri:0, instance:myTestRunner.TestRunner@34f22f9d]" started-at="2023-04-21T14:38:58 IST" name="runScenario" description="Runs Cucumber Scenarios" data-provider="scenarios" finished-at="2023-04-21T14:40:24 IST" duration-ms="86056" status="PASS">
          <params>
            <param index="0">
              <value>
                <![CDATA["Check dates on Timesheet"]]>
              </value>
            </param>
            <param index="1">
              <value>
                <![CDATA["Optional[Timesheet Testing]"]]>
              </value>
            </param>
          </params>
          <reporter-output>
          </reporter-output>
        </test-method> <!-- runScenario -->
        <test-method is-config="true" signature="tearDownClass()[pri:0, instance:myTestRunner.TestRunner@34f22f9d]" started-at="2023-04-21T14:40:24 IST" name="tearDownClass" finished-at="2023-04-21T14:40:31 IST" duration-ms="7536" status="PASS">
          <reporter-output>
          </reporter-output>
        </test-method> <!-- tearDownClass -->
      </class> <!-- myTestRunner.TestRunner -->
    </test> <!-- Default test -->
  </suite> <!-- Default suite -->
</testng-results>
